C:\Program Files\Microsoft Visual Studio\2022\Community\MSBuild\Microsoft\VC\v170\Microsoft.CppBuild.targets(514,5): warning MSB8028: Le répertoire intermédiaire (x64\Debug\) contient des fichiers partagés provenant d'un autre projet (DemoSFML.vcxproj, Fizz_Quizz.vcxproj). Cela peut entraîner un comportement de nettoyage et de regénération incorrect.
  Animation.cpp
  Audio.cpp
  Collisions.cpp
  Common.cpp
D:\SVN\Projets\ProjetAnnee1\TropiKrab\Prog\[Base]\Quiz Fish\Quiz_Fish\DemoSFML\Common.cpp(14,73): warning C4244: 'argument' : conversion de 'T' en 'T', perte possible de données
          with
          [
              T=unsigned int
          ]
          and
          [
              T=float
          ]
D:\SVN\Projets\ProjetAnnee1\TropiKrab\Prog\[Base]\Quiz Fish\Quiz_Fish\DemoSFML\Common.cpp(14,55): warning C4244: 'argument' : conversion de 'T' en 'T', perte possible de données
          with
          [
              T=unsigned int
          ]
          and
          [
              T=float
          ]
D:\SVN\Projets\ProjetAnnee1\TropiKrab\Prog\[Base]\Quiz Fish\Quiz_Fish\DemoSFML\Common.cpp(30,28): warning C4244: 'argument' : conversion de 'float' en 'unsigned int', perte possible de données
D:\SVN\Projets\ProjetAnnee1\TropiKrab\Prog\[Base]\Quiz Fish\Quiz_Fish\DemoSFML\Common.cpp(51,28): warning C4018: '<' : incompatibilité signed/unsigned
D:\SVN\Projets\ProjetAnnee1\TropiKrab\Prog\[Base]\Quiz Fish\Quiz_Fish\DemoSFML\Common.cpp(52,28): warning C4018: '<' : incompatibilité signed/unsigned
  Credits.cpp
D:\SVN\Projets\ProjetAnnee1\TropiKrab\Prog\[Base]\Quiz Fish\Quiz_Fish\DemoSFML\Credits.cpp(19,80): warning C4244: 'argument' : conversion de 'double' en 'float', perte possible de données
D:\SVN\Projets\ProjetAnnee1\TropiKrab\Prog\[Base]\Quiz Fish\Quiz_Fish\DemoSFML\Credits.cpp(19,45): warning C4244: 'argument' : conversion de 'double' en 'float', perte possible de données
D:\SVN\Projets\ProjetAnnee1\TropiKrab\Prog\[Base]\Quiz Fish\Quiz_Fish\DemoSFML\Credits.cpp(27,115): warning C4244: 'argument' : conversion de 'T' en 'float', perte possible de données
          with
          [
              T=unsigned int
          ]
D:\SVN\Projets\ProjetAnnee1\TropiKrab\Prog\[Base]\Quiz Fish\Quiz_Fish\DemoSFML\Credits.cpp(27,73): warning C4244: 'argument' : conversion de 'T' en 'float', perte possible de données
          with
          [
              T=unsigned int
          ]
D:\SVN\Projets\ProjetAnnee1\TropiKrab\Prog\[Base]\Quiz Fish\Quiz_Fish\DemoSFML\Credits.cpp(51,62): warning C4244: 'argument' : conversion de 'int' en 'float', perte possible de données
D:\SVN\Projets\ProjetAnnee1\TropiKrab\Prog\[Base]\Quiz Fish\Quiz_Fish\DemoSFML\Credits.cpp(67,62): warning C4244: 'argument' : conversion de 'int' en 'float', perte possible de données
  FishingMiniGame.cpp
D:\SVN\Projets\ProjetAnnee1\TropiKrab\Prog\[Base]\Quiz Fish\Quiz_Fish\DemoSFML\FishingMiniGame.cpp(131,136): warning C4244: 'argument' : conversion de 'T' en 'int', perte possible de données
          with
          [
              T=float
          ]
D:\SVN\Projets\ProjetAnnee1\TropiKrab\Prog\[Base]\Quiz Fish\Quiz_Fish\DemoSFML\FishingMiniGame.cpp(131,59): warning C4244: 'argument' : conversion de 'T' en 'int', perte possible de données
          with
          [
              T=float
          ]
D:\SVN\Projets\ProjetAnnee1\TropiKrab\Prog\[Base]\Quiz Fish\Quiz_Fish\DemoSFML\FishingMiniGame.cpp(131,36): warning C4244: '=' : conversion de 'int' en 'T', perte possible de données
          with
          [
              T=float
          ]
D:\SVN\Projets\ProjetAnnee1\TropiKrab\Prog\[Base]\Quiz Fish\Quiz_Fish\DemoSFML\FishingMiniGame.cpp(132,135): warning C4244: 'argument' : conversion de 'T' en 'int', perte possible de données
          with
          [
              T=float
          ]
D:\SVN\Projets\ProjetAnnee1\TropiKrab\Prog\[Base]\Quiz Fish\Quiz_Fish\DemoSFML\FishingMiniGame.cpp(132,58): warning C4244: 'argument' : conversion de 'T' en 'int', perte possible de données
          with
          [
              T=float
          ]
D:\SVN\Projets\ProjetAnnee1\TropiKrab\Prog\[Base]\Quiz Fish\Quiz_Fish\DemoSFML\FishingMiniGame.cpp(132,36): warning C4244: '=' : conversion de 'int' en 'T', perte possible de données
          with
          [
              T=float
          ]
D:\SVN\Projets\ProjetAnnee1\TropiKrab\Prog\[Base]\Quiz Fish\Quiz_Fish\DemoSFML\FishingMiniGame.cpp(142,125): warning C4244: 'argument' : conversion de 'T' en 'int', perte possible de données
          with
          [
              T=float
          ]
D:\SVN\Projets\ProjetAnnee1\TropiKrab\Prog\[Base]\Quiz Fish\Quiz_Fish\DemoSFML\FishingMiniGame.cpp(142,76): warning C4244: 'argument' : conversion de 'T' en 'int', perte possible de données
          with
          [
              T=float
          ]
D:\SVN\Projets\ProjetAnnee1\TropiKrab\Prog\[Base]\Quiz Fish\Quiz_Fish\DemoSFML\FishingMiniGame.cpp(144,138): warning C4244: 'argument' : conversion de 'T' en 'int', perte possible de données
          with
          [
              T=float
          ]
D:\SVN\Projets\ProjetAnnee1\TropiKrab\Prog\[Base]\Quiz Fish\Quiz_Fish\DemoSFML\FishingMiniGame.cpp(144,61): warning C4244: 'argument' : conversion de 'T' en 'int', perte possible de données
          with
          [
              T=float
          ]
D:\SVN\Projets\ProjetAnnee1\TropiKrab\Prog\[Base]\Quiz Fish\Quiz_Fish\DemoSFML\FishingMiniGame.cpp(144,38): warning C4244: '=' : conversion de 'int' en 'T', perte possible de données
          with
          [
              T=float
          ]
D:\SVN\Projets\ProjetAnnee1\TropiKrab\Prog\[Base]\Quiz Fish\Quiz_Fish\DemoSFML\FishingMiniGame.cpp(145,137): warning C4244: 'argument' : conversion de 'T' en 'int', perte possible de données
          with
          [
              T=float
          ]
D:\SVN\Projets\ProjetAnnee1\TropiKrab\Prog\[Base]\Quiz Fish\Quiz_Fish\DemoSFML\FishingMiniGame.cpp(145,60): warning C4244: 'argument' : conversion de 'T' en 'int', perte possible de données
          with
          [
              T=float
          ]
D:\SVN\Projets\ProjetAnnee1\TropiKrab\Prog\[Base]\Quiz Fish\Quiz_Fish\DemoSFML\FishingMiniGame.cpp(145,38): warning C4244: '=' : conversion de 'int' en 'T', perte possible de données
          with
          [
              T=float
          ]
D:\SVN\Projets\ProjetAnnee1\TropiKrab\Prog\[Base]\Quiz Fish\Quiz_Fish\DemoSFML\FishingMiniGame.cpp(150,53): warning C4244: 'argument' : conversion de 'int' en 'float', perte possible de données
D:\SVN\Projets\ProjetAnnee1\TropiKrab\Prog\[Base]\Quiz Fish\Quiz_Fish\DemoSFML\FishingMiniGame.cpp(166,53): warning C4244: 'argument' : conversion de 'int' en 'float', perte possible de données
D:\SVN\Projets\ProjetAnnee1\TropiKrab\Prog\[Base]\Quiz Fish\Quiz_Fish\DemoSFML\FishingMiniGame.cpp(227,139): warning C4244: 'argument' : conversion de 'double' en 'float', perte possible de données
D:\SVN\Projets\ProjetAnnee1\TropiKrab\Prog\[Base]\Quiz Fish\Quiz_Fish\DemoSFML\FishingMiniGame.cpp(279,56): warning C4244: 'argument' : conversion de 'int' en 'float', perte possible de données
D:\SVN\Projets\ProjetAnnee1\TropiKrab\Prog\[Base]\Quiz Fish\Quiz_Fish\DemoSFML\FishingMiniGame.cpp(287,65): warning C4244: 'argument' : conversion de 'T' en 'float', perte possible de données
          with
          [
              T=int
          ]
D:\SVN\Projets\ProjetAnnee1\TropiKrab\Prog\[Base]\Quiz Fish\Quiz_Fish\DemoSFML\FishingMiniGame.cpp(287,48): warning C4244: 'argument' : conversion de 'T' en 'float', perte possible de données
          with
          [
              T=int
          ]
D:\SVN\Projets\ProjetAnnee1\TropiKrab\Prog\[Base]\Quiz Fish\Quiz_Fish\DemoSFML\FishingMiniGame.cpp(344,31): warning C4018: '<' : incompatibilité signed/unsigned
D:\SVN\Projets\ProjetAnnee1\TropiKrab\Prog\[Base]\Quiz Fish\Quiz_Fish\DemoSFML\FishingMiniGame.cpp(347,127): warning C4244: 'argument' : conversion de 'T' en 'int', perte possible de données
          with
          [
              T=float
          ]
D:\SVN\Projets\ProjetAnnee1\TropiKrab\Prog\[Base]\Quiz Fish\Quiz_Fish\DemoSFML\FishingMiniGame.cpp(347,78): warning C4244: 'argument' : conversion de 'T' en 'int', perte possible de données
          with
          [
              T=float
          ]
D:\SVN\Projets\ProjetAnnee1\TropiKrab\Prog\[Base]\Quiz Fish\Quiz_Fish\DemoSFML\FishingMiniGame.cpp(380,62): warning C4244: 'argument' : conversion de 'float' en 'sf::Uint8', perte possible de données
D:\SVN\Projets\ProjetAnnee1\TropiKrab\Prog\[Base]\Quiz Fish\Quiz_Fish\DemoSFML\FishingMiniGame.cpp(417,77): warning C4244: 'argument' : conversion de 'float' en 'sf::Uint8', perte possible de données
D:\SVN\Projets\ProjetAnnee1\TropiKrab\Prog\[Base]\Quiz Fish\Quiz_Fish\DemoSFML\FishingMiniGame.cpp(438,103): warning C4244: 'argument' : conversion de 'float' en 'sf::Uint8', perte possible de données
D:\SVN\Projets\ProjetAnnee1\TropiKrab\Prog\[Base]\Quiz Fish\Quiz_Fish\DemoSFML\FishingMiniGame.cpp(439,100): warning C4244: 'argument' : conversion de 'float' en 'sf::Uint8', perte possible de données
D:\SVN\Projets\ProjetAnnee1\TropiKrab\Prog\[Base]\Quiz Fish\Quiz_Fish\DemoSFML\FishingMiniGame.cpp(441,103): warning C4244: 'argument' : conversion de 'float' en 'sf::Uint8', perte possible de données
D:\SVN\Projets\ProjetAnnee1\TropiKrab\Prog\[Base]\Quiz Fish\Quiz_Fish\DemoSFML\FishingMiniGame.cpp(442,102): warning C4244: 'argument' : conversion de 'float' en 'sf::Uint8', perte possible de données
D:\SVN\Projets\ProjetAnnee1\TropiKrab\Prog\[Base]\Quiz Fish\Quiz_Fish\DemoSFML\FishingMiniGame.cpp(445,97): warning C4244: 'argument' : conversion de 'float' en 'sf::Uint8', perte possible de données
D:\SVN\Projets\ProjetAnnee1\TropiKrab\Prog\[Base]\Quiz Fish\Quiz_Fish\DemoSFML\FishingMiniGame.cpp(446,229): warning C4244: 'argument' : conversion de 'double' en 'float', perte possible de données
D:\SVN\Projets\ProjetAnnee1\TropiKrab\Prog\[Base]\Quiz Fish\Quiz_Fish\DemoSFML\FishingMiniGame.cpp(446,142): warning C4244: 'argument' : conversion de 'double' en 'float', perte possible de données
D:\SVN\Projets\ProjetAnnee1\TropiKrab\Prog\[Base]\Quiz Fish\Quiz_Fish\DemoSFML\FishingMiniGame.cpp(448,58): warning C4244: 'argument' : conversion de 'float' en 'sf::Uint8', perte possible de données
D:\SVN\Projets\ProjetAnnee1\TropiKrab\Prog\[Base]\Quiz Fish\Quiz_Fish\DemoSFML\FishingMiniGame.cpp(495,30): warning C4018: '<' : incompatibilité signed/unsigned
D:\SVN\Projets\ProjetAnnee1\TropiKrab\Prog\[Base]\Quiz Fish\Quiz_Fish\DemoSFML\FishingMiniGame.cpp(497,109): warning C4244: 'argument' : conversion de 'T' en 'int', perte possible de données
          with
          [
              T=float
          ]
D:\SVN\Projets\ProjetAnnee1\TropiKrab\Prog\[Base]\Quiz Fish\Quiz_Fish\DemoSFML\FishingMiniGame.cpp(497,61): warning C4244: 'argument' : conversion de 'T' en 'float', perte possible de données
          with
          [
              T=int
          ]
D:\SVN\Projets\ProjetAnnee1\TropiKrab\Prog\[Base]\Quiz Fish\Quiz_Fish\DemoSFML\FishingMiniGame.cpp(497,44): warning C4244: 'argument' : conversion de 'T' en 'float', perte possible de données
          with
          [
              T=int
          ]
D:\SVN\Projets\ProjetAnnee1\TropiKrab\Prog\[Base]\Quiz Fish\Quiz_Fish\DemoSFML\FishingMiniGame.cpp(521,29): warning C4018: '<' : incompatibilité signed/unsigned
D:\SVN\Projets\ProjetAnnee1\TropiKrab\Prog\[Base]\Quiz Fish\Quiz_Fish\DemoSFML\FishingMiniGame.cpp(546,29): warning C4018: '<' : incompatibilité signed/unsigned
  Game.cpp
  GameState.cpp
  HUD.cpp
D:\SVN\Projets\ProjetAnnee1\TropiKrab\Prog\[Base]\Quiz Fish\Quiz_Fish\DemoSFML\HUD.cpp(37,49): warning C4244: 'argument' : conversion de 'double' en 'float', perte possible de données
D:\SVN\Projets\ProjetAnnee1\TropiKrab\Prog\[Base]\Quiz Fish\Quiz_Fish\DemoSFML\HUD.cpp(58,64): warning C4244: 'argument' : conversion de 'T' en 'float', perte possible de données
          with
          [
              T=int
          ]
D:\SVN\Projets\ProjetAnnee1\TropiKrab\Prog\[Base]\Quiz Fish\Quiz_Fish\DemoSFML\HUD.cpp(58,47): warning C4244: 'argument' : conversion de 'T' en 'float', perte possible de données
          with
          [
              T=int
          ]
D:\SVN\Projets\ProjetAnnee1\TropiKrab\Prog\[Base]\Quiz Fish\Quiz_Fish\DemoSFML\HUD.cpp(66,114): warning C4244: 'argument' : conversion de 'T' en 'float', perte possible de données
          with
          [
              T=unsigned int
          ]
  main.cpp
D:\SVN\Projets\ProjetAnnee1\TropiKrab\Prog\[Base]\Quiz Fish\Quiz_Fish\DemoSFML\main.cpp(63,36): warning C4390: ';' : une instruction contrôlée a été trouvée vide ; est-ce ce que vous souhaitiez ?
  Fx.cpp
D:\SVN\Projets\ProjetAnnee1\TropiKrab\Prog\[Base]\Quiz Fish\Quiz_Fish\DemoSFML\Fx.cpp(62,42): warning C4244: 'argument' : conversion de 'int' en 'T', perte possible de données
          with
          [
              T=float
          ]
D:\SVN\Projets\ProjetAnnee1\TropiKrab\Prog\[Base]\Quiz Fish\Quiz_Fish\DemoSFML\Fx.cpp(89,25): warning C4244: '=' : conversion de 'unsigned int' en 'float', perte possible de données
D:\SVN\Projets\ProjetAnnee1\TropiKrab\Prog\[Base]\Quiz Fish\Quiz_Fish\DemoSFML\Fx.cpp(90,24): warning C4244: '=' : conversion de 'double' en 'float', perte possible de données
D:\SVN\Projets\ProjetAnnee1\TropiKrab\Prog\[Base]\Quiz Fish\Quiz_Fish\DemoSFML\Fx.cpp(197,35): warning C4305: '*=' : troncation de 'double' à 'T'
          with
          [
              T=float
          ]
D:\SVN\Projets\ProjetAnnee1\TropiKrab\Prog\[Base]\Quiz Fish\Quiz_Fish\DemoSFML\Fx.cpp(240,56): warning C4244: 'argument' : conversion de 'float' en 'sf::Uint8', perte possible de données
D:\SVN\Projets\ProjetAnnee1\TropiKrab\Prog\[Base]\Quiz Fish\Quiz_Fish\DemoSFML\Fx.cpp(249,52): warning C4244: 'argument' : conversion de 'float' en 'sf::Uint8', perte possible de données
D:\SVN\Projets\ProjetAnnee1\TropiKrab\Prog\[Base]\Quiz Fish\Quiz_Fish\DemoSFML\Fx.cpp(269,26): warning C4244: '=' : conversion de 'float' en 'sf::Uint8', perte possible de données
D:\SVN\Projets\ProjetAnnee1\TropiKrab\Prog\[Base]\Quiz Fish\Quiz_Fish\DemoSFML\Fx.cpp(447,26): warning C4244: '=' : conversion de 'double' en 'float', perte possible de données
D:\SVN\Projets\ProjetAnnee1\TropiKrab\Prog\[Base]\Quiz Fish\Quiz_Fish\DemoSFML\Fx.cpp(479,31): warning C4244: '=' : conversion de 'int' en 'float', perte possible de données
D:\SVN\Projets\ProjetAnnee1\TropiKrab\Prog\[Base]\Quiz Fish\Quiz_Fish\DemoSFML\Fx.cpp(481,32): warning C4244: '=' : conversion de 'int' en 'float', perte possible de données
D:\SVN\Projets\ProjetAnnee1\TropiKrab\Prog\[Base]\Quiz Fish\Quiz_Fish\DemoSFML\Fx.cpp(507,31): warning C4244: '=' : conversion de 'int' en 'float', perte possible de données
D:\SVN\Projets\ProjetAnnee1\TropiKrab\Prog\[Base]\Quiz Fish\Quiz_Fish\DemoSFML\Fx.cpp(509,32): warning C4244: '=' : conversion de 'int' en 'float', perte possible de données
D:\SVN\Projets\ProjetAnnee1\TropiKrab\Prog\[Base]\Quiz Fish\Quiz_Fish\DemoSFML\Fx.cpp(547,25): warning C4305: '/=' : troncation de 'double' à 'T'
          with
          [
              T=float
          ]
D:\SVN\Projets\ProjetAnnee1\TropiKrab\Prog\[Base]\Quiz Fish\Quiz_Fish\DemoSFML\Fx.cpp(548,25): warning C4305: '/=' : troncation de 'double' à 'T'
          with
          [
              T=float
          ]
D:\SVN\Projets\ProjetAnnee1\TropiKrab\Prog\[Base]\Quiz Fish\Quiz_Fish\DemoSFML\Fx.cpp(560,83): warning C4244: '=' : conversion de 'double' en 'float', perte possible de données
D:\SVN\Projets\ProjetAnnee1\TropiKrab\Prog\[Base]\Quiz Fish\Quiz_Fish\DemoSFML\Fx.cpp(560,137): warning C4244: '=' : conversion de 'double' en 'float', perte possible de données
  Menu.cpp
D:\SVN\Projets\ProjetAnnee1\TropiKrab\Prog\[Base]\Quiz Fish\Quiz_Fish\DemoSFML\Menu.cpp(58,76): warning C4244: 'argument' : conversion de 'T' en 'float', perte possible de données
          with
          [
              T=unsigned int
          ]
D:\SVN\Projets\ProjetAnnee1\TropiKrab\Prog\[Base]\Quiz Fish\Quiz_Fish\DemoSFML\Menu.cpp(58,47): warning C4244: 'argument' : conversion de 'T' en 'float', perte possible de données
          with
          [
              T=unsigned int
          ]
D:\SVN\Projets\ProjetAnnee1\TropiKrab\Prog\[Base]\Quiz Fish\Quiz_Fish\DemoSFML\Menu.cpp(67,89): warning C4244: 'argument' : conversion de 'T' en 'float', perte possible de données
          with
          [
              T=unsigned int
          ]
D:\SVN\Projets\ProjetAnnee1\TropiKrab\Prog\[Base]\Quiz Fish\Quiz_Fish\DemoSFML\Menu.cpp(67,57): warning C4244: 'argument' : conversion de 'T' en 'float', perte possible de données
          with
          [
              T=unsigned int
          ]
D:\SVN\Projets\ProjetAnnee1\TropiKrab\Prog\[Base]\Quiz Fish\Quiz_Fish\DemoSFML\Menu.cpp(77,94): warning C4244: 'argument' : conversion de 'T' en 'float', perte possible de données
          with
          [
              T=unsigned int
          ]
D:\SVN\Projets\ProjetAnnee1\TropiKrab\Prog\[Base]\Quiz Fish\Quiz_Fish\DemoSFML\Menu.cpp(77,59): warning C4244: 'argument' : conversion de 'T' en 'float', perte possible de données
          with
          [
              T=unsigned int
          ]
D:\SVN\Projets\ProjetAnnee1\TropiKrab\Prog\[Base]\Quiz Fish\Quiz_Fish\DemoSFML\Menu.cpp(86,101): warning C4244: 'argument' : conversion de 'T' en 'float', perte possible de données
          with
          [
              T=unsigned int
          ]
D:\SVN\Projets\ProjetAnnee1\TropiKrab\Prog\[Base]\Quiz Fish\Quiz_Fish\DemoSFML\Menu.cpp(86,65): warning C4244: 'argument' : conversion de 'T' en 'float', perte possible de données
          with
          [
              T=unsigned int
          ]
D:\SVN\Projets\ProjetAnnee1\TropiKrab\Prog\[Base]\Quiz Fish\Quiz_Fish\DemoSFML\Menu.cpp(156,46): warning C4244: 'argument' : conversion de 'float' en 'sf::Uint8', perte possible de données
  Mouse.cpp
  Player.cpp
D:\SVN\Projets\ProjetAnnee1\TropiKrab\Prog\[Base]\Quiz Fish\Quiz_Fish\DemoSFML\Player.cpp(9,29): warning C4018: '<' : incompatibilité signed/unsigned
  Question.cpp
D:\SVN\Projets\ProjetAnnee1\TropiKrab\Prog\[Base]\Quiz Fish\Quiz_Fish\DemoSFML\Question.cpp(107,23): warning C4305: '+=' : troncation de 'int' à 'char'
D:\SVN\Projets\ProjetAnnee1\TropiKrab\Prog\[Base]\Quiz Fish\Quiz_Fish\DemoSFML\Question.cpp(149,23): warning C4305: '+=' : troncation de 'int' à 'char'
D:\SVN\Projets\ProjetAnnee1\TropiKrab\Prog\[Base]\Quiz Fish\Quiz_Fish\DemoSFML\Question.cpp(166,26): warning C4305: '+=' : troncation de 'int' à 'char'
  QuizGame.cpp
D:\SVN\Projets\ProjetAnnee1\TropiKrab\Prog\[Base]\Quiz Fish\Quiz_Fish\DemoSFML\QuizGame.cpp(79,19): warning C4244: 'initialisation' : conversion de 'size_t' en 'float', perte possible de données
D:\SVN\Projets\ProjetAnnee1\TropiKrab\Prog\[Base]\Quiz Fish\Quiz_Fish\DemoSFML\QuizGame.cpp(103,39): warning C4244: '=' : conversion de 'size_t' en 'float', perte possible de données
D:\SVN\Projets\ProjetAnnee1\TropiKrab\Prog\[Base]\Quiz Fish\Quiz_Fish\DemoSFML\QuizGame.cpp(375,64): warning C4244: 'argument' : conversion de 'T' en 'float', perte possible de données
          with
          [
              T=int
          ]
D:\SVN\Projets\ProjetAnnee1\TropiKrab\Prog\[Base]\Quiz Fish\Quiz_Fish\DemoSFML\QuizGame.cpp(375,47): warning C4244: 'argument' : conversion de 'T' en 'float', perte possible de données
          with
          [
              T=int
          ]
D:\SVN\Projets\ProjetAnnee1\TropiKrab\Prog\[Base]\Quiz Fish\Quiz_Fish\DemoSFML\QuizGame.cpp(414,87): warning C4244: 'argument' : conversion de 'double' en 'T', perte possible de données
          with
          [
              T=float
          ]
D:\SVN\Projets\ProjetAnnee1\TropiKrab\Prog\[Base]\Quiz Fish\Quiz_Fish\DemoSFML\QuizGame.cpp(414,76): warning C4244: 'argument' : conversion de 'double' en 'T', perte possible de données
          with
          [
              T=float
          ]
D:\SVN\Projets\ProjetAnnee1\TropiKrab\Prog\[Base]\Quiz Fish\Quiz_Fish\DemoSFML\QuizGame.cpp(415,59): warning C4244: 'argument' : conversion de 'T' en 'sf::Uint8', perte possible de données
          with
          [
              T=float
          ]
D:\SVN\Projets\ProjetAnnee1\TropiKrab\Prog\[Base]\Quiz Fish\Quiz_Fish\DemoSFML\QuizGame.cpp(448,64): warning C4244: 'argument' : conversion de 'T' en 'float', perte possible de données
          with
          [
              T=int
          ]
D:\SVN\Projets\ProjetAnnee1\TropiKrab\Prog\[Base]\Quiz Fish\Quiz_Fish\DemoSFML\QuizGame.cpp(448,47): warning C4244: 'argument' : conversion de 'T' en 'float', perte possible de données
          with
          [
              T=int
          ]
D:\SVN\Projets\ProjetAnnee1\TropiKrab\Prog\[Base]\Quiz Fish\Quiz_Fish\DemoSFML\QuizGame.cpp(544,31): warning C4018: '<' : incompatibilité signed/unsigned
  Random.cpp
  Selection.cpp
D:\SVN\Projets\ProjetAnnee1\TropiKrab\Prog\[Base]\Quiz Fish\Quiz_Fish\DemoSFML\Selection.cpp(175,36): warning C4305: 'argument' : troncation de 'double' à 'T'
          with
          [
              T=float
          ]
D:\SVN\Projets\ProjetAnnee1\TropiKrab\Prog\[Base]\Quiz Fish\Quiz_Fish\DemoSFML\Selection.cpp(185,56): warning C4244: 'argument' : conversion de 'double' en 'float', perte possible de données
D:\SVN\Projets\ProjetAnnee1\TropiKrab\Prog\[Base]\Quiz Fish\Quiz_Fish\DemoSFML\Selection.cpp(203,16): warning C4244: '-=' : conversion de 'float' en 'int', perte possible de données
D:\SVN\Projets\ProjetAnnee1\TropiKrab\Prog\[Base]\Quiz Fish\Quiz_Fish\DemoSFML\Selection.cpp(207,34): warning C4267: 'argument' : conversion de 'size_t' en 'int', perte possible de données
D:\SVN\Projets\ProjetAnnee1\TropiKrab\Prog\[Base]\Quiz Fish\Quiz_Fish\DemoSFML\Selection.cpp(246,56): warning C4244: 'argument' : conversion de 'float' en 'sf::Uint8', perte possible de données
  Settings.cpp
D:\SVN\Projets\ProjetAnnee1\TropiKrab\Prog\[Base]\Quiz Fish\Quiz_Fish\DemoSFML\Settings.cpp(58,118): warning C4244: 'argument' : conversion de 'T' en 'float', perte possible de données
          with
          [
              T=unsigned int
          ]
D:\SVN\Projets\ProjetAnnee1\TropiKrab\Prog\[Base]\Quiz Fish\Quiz_Fish\DemoSFML\Settings.cpp(58,75): warning C4244: 'argument' : conversion de 'T' en 'float', perte possible de données
          with
          [
              T=unsigned int
          ]
D:\SVN\Projets\ProjetAnnee1\TropiKrab\Prog\[Base]\Quiz Fish\Quiz_Fish\DemoSFML\Settings.cpp(67,89): warning C4244: 'argument' : conversion de 'T' en 'float', perte possible de données
          with
          [
              T=unsigned int
          ]
D:\SVN\Projets\ProjetAnnee1\TropiKrab\Prog\[Base]\Quiz Fish\Quiz_Fish\DemoSFML\Settings.cpp(67,57): warning C4244: 'argument' : conversion de 'T' en 'float', perte possible de données
          with
          [
              T=unsigned int
          ]
D:\SVN\Projets\ProjetAnnee1\TropiKrab\Prog\[Base]\Quiz Fish\Quiz_Fish\DemoSFML\Settings.cpp(78,95): warning C4244: 'argument' : conversion de 'T' en 'float', perte possible de données
          with
          [
              T=unsigned int
          ]
D:\SVN\Projets\ProjetAnnee1\TropiKrab\Prog\[Base]\Quiz Fish\Quiz_Fish\DemoSFML\Settings.cpp(78,61): warning C4244: 'argument' : conversion de 'T' en 'float', perte possible de données
          with
          [
              T=unsigned int
          ]
D:\SVN\Projets\ProjetAnnee1\TropiKrab\Prog\[Base]\Quiz Fish\Quiz_Fish\DemoSFML\Settings.cpp(92,174): warning C4244: 'argument' : conversion de 'double' en 'float', perte possible de données
D:\SVN\Projets\ProjetAnnee1\TropiKrab\Prog\[Base]\Quiz Fish\Quiz_Fish\DemoSFML\Settings.cpp(100,89): warning C4244: 'argument' : conversion de 'T' en 'float', perte possible de données
          with
          [
              T=unsigned int
          ]
D:\SVN\Projets\ProjetAnnee1\TropiKrab\Prog\[Base]\Quiz Fish\Quiz_Fish\DemoSFML\Settings.cpp(100,57): warning C4244: 'argument' : conversion de 'T' en 'float', perte possible de données
          with
          [
              T=unsigned int
          ]
D:\SVN\Projets\ProjetAnnee1\TropiKrab\Prog\[Base]\Quiz Fish\Quiz_Fish\DemoSFML\Settings.cpp(207,25): warning C4244: '=' : conversion de 'int' en 'T', perte possible de données
          with
          [
              T=float
          ]
D:\SVN\Projets\ProjetAnnee1\TropiKrab\Prog\[Base]\Quiz Fish\Quiz_Fish\DemoSFML\Settings.cpp(221,38): warning C4244: '=' : conversion de 'double' en 'float', perte possible de données
  Victory.cpp
  Génération de code en cours...
D:\SVN\Projets\ProjetAnnee1\TropiKrab\Prog\[Base]\Quiz Fish\Quiz_Fish\DemoSFML\QuizGame.cpp(75): warning C4715: 'GetSelectedCardID' : les chemins de contrôle ne retournent pas tous une valeur
D:\SVN\Projets\ProjetAnnee1\TropiKrab\Prog\[Base]\Quiz Fish\Quiz_Fish\DemoSFML\Question.cpp(369): warning C4715: 'IsCorrectAnswerSelected' : les chemins de contrôle ne retournent pas tous une valeur
D:\SVN\Projets\ProjetAnnee1\TropiKrab\Prog\[Base]\Quiz Fish\Quiz_Fish\DemoSFML\FishingMiniGame.cpp(553): warning C4715: 'GetPickedFishID' : les chemins de contrôle ne retournent pas tous une valeur
  DemoSFML.vcxproj -> D:\SVN\Projets\ProjetAnnee1\TropiKrab\Prog\[Base]\Quiz Fish\Quiz_Fish\x64\Debug\Quiz_Fish.exe
