c:\users\etudiant2\desktop\projetannee1\tropikrab\prog\luc\pong le vrai\pong\demosfml\x64\debug\vc143.pdb
c:\users\etudiant2\desktop\projetannee1\tropikrab\prog\luc\pong le vrai\pong\demosfml\x64\debug\vc143.idb
c:\users\etudiant2\desktop\projetannee1\tropikrab\prog\luc\pong le vrai\pong\demosfml\x64\debug\main.obj
c:\users\etudiant2\desktop\projetannee1\tropikrab\prog\luc\pong le vrai\pong\demosfml\x64\debug\fx.obj
c:\users\etudiant2\desktop\projetannee1\tropikrab\prog\luc\pong le vrai\pong\demosfml\x64\debug\demosfml.obj
c:\users\etudiant2\desktop\projetannee1\tropikrab\prog\luc\pong le vrai\pong\x64\debug\demosfml.pdb
c:\users\etudiant2\desktop\projetannee1\tropikrab\prog\luc\pong le vrai\pong\demosfml\x64\debug\demosfml.tlog\cl.command.1.tlog
c:\users\etudiant2\desktop\projetannee1\tropikrab\prog\luc\pong le vrai\pong\demosfml\x64\debug\demosfml.tlog\cl.read.1.tlog
c:\users\etudiant2\desktop\projetannee1\tropikrab\prog\luc\pong le vrai\pong\demosfml\x64\debug\demosfml.tlog\cl.write.1.tlog
c:\users\etudiant2\desktop\projetannee1\tropikrab\prog\luc\pong le vrai\pong\demosfml\x64\debug\demosfml.tlog\link-cvtres.read.1.tlog
c:\users\etudiant2\desktop\projetannee1\tropikrab\prog\luc\pong le vrai\pong\demosfml\x64\debug\demosfml.tlog\link-cvtres.write.1.tlog
c:\users\etudiant2\desktop\projetannee1\tropikrab\prog\luc\pong le vrai\pong\demosfml\x64\debug\demosfml.tlog\link-rc.read.1.tlog
c:\users\etudiant2\desktop\projetannee1\tropikrab\prog\luc\pong le vrai\pong\demosfml\x64\debug\demosfml.tlog\link-rc.write.1.tlog
c:\users\etudiant2\desktop\projetannee1\tropikrab\prog\luc\pong le vrai\pong\demosfml\x64\debug\demosfml.tlog\link.9548-cvtres.read.1.tlog
c:\users\etudiant2\desktop\projetannee1\tropikrab\prog\luc\pong le vrai\pong\demosfml\x64\debug\demosfml.tlog\link.9548-cvtres.write.1.tlog
c:\users\etudiant2\desktop\projetannee1\tropikrab\prog\luc\pong le vrai\pong\demosfml\x64\debug\demosfml.tlog\link.9548-rc.read.1.tlog
c:\users\etudiant2\desktop\projetannee1\tropikrab\prog\luc\pong le vrai\pong\demosfml\x64\debug\demosfml.tlog\link.9548-rc.write.1.tlog
c:\users\etudiant2\desktop\projetannee1\tropikrab\prog\luc\pong le vrai\pong\demosfml\x64\debug\demosfml.tlog\link.9548.read.1.tlog
c:\users\etudiant2\desktop\projetannee1\tropikrab\prog\luc\pong le vrai\pong\demosfml\x64\debug\demosfml.tlog\link.9548.read.2.tlog
c:\users\etudiant2\desktop\projetannee1\tropikrab\prog\luc\pong le vrai\pong\demosfml\x64\debug\demosfml.tlog\link.9548.write.1.tlog
c:\users\etudiant2\desktop\projetannee1\tropikrab\prog\luc\pong le vrai\pong\demosfml\x64\debug\demosfml.tlog\link.command.1.tlog
c:\users\etudiant2\desktop\projetannee1\tropikrab\prog\luc\pong le vrai\pong\demosfml\x64\debug\demosfml.tlog\link.read.1.tlog
c:\users\etudiant2\desktop\projetannee1\tropikrab\prog\luc\pong le vrai\pong\demosfml\x64\debug\demosfml.tlog\link.read.2.tlog
c:\users\etudiant2\desktop\projetannee1\tropikrab\prog\luc\pong le vrai\pong\demosfml\x64\debug\demosfml.tlog\link.write.1.tlog
