c:\users\eugen\onedrive\bureau\tropikrab\prog\luc\fish_quizz\fizz_quizz\demosfml\x64\debug\vc143.pdb
c:\users\eugen\onedrive\bureau\tropikrab\prog\luc\fish_quizz\fizz_quizz\demosfml\x64\debug\vc143.idb
c:\users\eugen\onedrive\bureau\tropikrab\prog\luc\fish_quizz\fizz_quizz\demosfml\x64\debug\game.obj
c:\users\eugen\onedrive\bureau\tropikrab\prog\luc\fish_quizz\fizz_quizz\demosfml\x64\debug\main.obj
c:\users\eugen\onedrive\bureau\tropikrab\prog\luc\fish_quizz\fizz_quizz\demosfml\x64\debug\fx.obj
c:\users\eugen\onedrive\bureau\tropikrab\prog\luc\fish_quizz\fizz_quizz\x64\debug\fizz_quizz.pdb
c:\users\eugen\onedrive\bureau\tropikrab\prog\luc\fish_quizz\fizz_quizz\demosfml\x64\debug\fizz_quizz.tlog\cl.command.1.tlog
c:\users\eugen\onedrive\bureau\tropikrab\prog\luc\fish_quizz\fizz_quizz\demosfml\x64\debug\fizz_quizz.tlog\cl.read.1.tlog
c:\users\eugen\onedrive\bureau\tropikrab\prog\luc\fish_quizz\fizz_quizz\demosfml\x64\debug\fizz_quizz.tlog\cl.write.1.tlog
c:\users\eugen\onedrive\bureau\tropikrab\prog\luc\fish_quizz\fizz_quizz\demosfml\x64\debug\fizz_quizz.tlog\link-cvtres.read.1.tlog
c:\users\eugen\onedrive\bureau\tropikrab\prog\luc\fish_quizz\fizz_quizz\demosfml\x64\debug\fizz_quizz.tlog\link-cvtres.write.1.tlog
c:\users\eugen\onedrive\bureau\tropikrab\prog\luc\fish_quizz\fizz_quizz\demosfml\x64\debug\fizz_quizz.tlog\link-rc.read.1.tlog
c:\users\eugen\onedrive\bureau\tropikrab\prog\luc\fish_quizz\fizz_quizz\demosfml\x64\debug\fizz_quizz.tlog\link-rc.write.1.tlog
c:\users\eugen\onedrive\bureau\tropikrab\prog\luc\fish_quizz\fizz_quizz\demosfml\x64\debug\fizz_quizz.tlog\link.6992-cvtres.read.1.tlog
c:\users\eugen\onedrive\bureau\tropikrab\prog\luc\fish_quizz\fizz_quizz\demosfml\x64\debug\fizz_quizz.tlog\link.6992-cvtres.write.1.tlog
c:\users\eugen\onedrive\bureau\tropikrab\prog\luc\fish_quizz\fizz_quizz\demosfml\x64\debug\fizz_quizz.tlog\link.6992-rc.read.1.tlog
c:\users\eugen\onedrive\bureau\tropikrab\prog\luc\fish_quizz\fizz_quizz\demosfml\x64\debug\fizz_quizz.tlog\link.6992-rc.write.1.tlog
c:\users\eugen\onedrive\bureau\tropikrab\prog\luc\fish_quizz\fizz_quizz\demosfml\x64\debug\fizz_quizz.tlog\link.6992.read.1.tlog
c:\users\eugen\onedrive\bureau\tropikrab\prog\luc\fish_quizz\fizz_quizz\demosfml\x64\debug\fizz_quizz.tlog\link.6992.read.2.tlog
c:\users\eugen\onedrive\bureau\tropikrab\prog\luc\fish_quizz\fizz_quizz\demosfml\x64\debug\fizz_quizz.tlog\link.6992.write.1.tlog
c:\users\eugen\onedrive\bureau\tropikrab\prog\luc\fish_quizz\fizz_quizz\demosfml\x64\debug\fizz_quizz.tlog\link.command.1.tlog
c:\users\eugen\onedrive\bureau\tropikrab\prog\luc\fish_quizz\fizz_quizz\demosfml\x64\debug\fizz_quizz.tlog\link.read.1.tlog
c:\users\eugen\onedrive\bureau\tropikrab\prog\luc\fish_quizz\fizz_quizz\demosfml\x64\debug\fizz_quizz.tlog\link.read.2.tlog
c:\users\eugen\onedrive\bureau\tropikrab\prog\luc\fish_quizz\fizz_quizz\demosfml\x64\debug\fizz_quizz.tlog\link.write.1.tlog
