c:\users\eugen\onedrive\bureau\tropikrab\prog\[base]\quiz fish\quiz_fish\demosfml\x64\debug\vc143.pdb
c:\users\eugen\onedrive\bureau\tropikrab\prog\[base]\quiz fish\quiz_fish\demosfml\x64\debug\vc143.idb
c:\users\eugen\onedrive\bureau\tropikrab\prog\[base]\quiz fish\quiz_fish\demosfml\x64\debug\victory.obj
c:\users\eugen\onedrive\bureau\tropikrab\prog\[base]\quiz fish\quiz_fish\demosfml\x64\debug\settings.obj
c:\users\eugen\onedrive\bureau\tropikrab\prog\[base]\quiz fish\quiz_fish\demosfml\x64\debug\selection.obj
c:\users\eugen\onedrive\bureau\tropikrab\prog\[base]\quiz fish\quiz_fish\demosfml\x64\debug\random.obj
c:\users\eugen\onedrive\bureau\tropikrab\prog\[base]\quiz fish\quiz_fish\demosfml\x64\debug\quizgame.obj
c:\users\eugen\onedrive\bureau\tropikrab\prog\[base]\quiz fish\quiz_fish\demosfml\x64\debug\question.obj
c:\users\eugen\onedrive\bureau\tropikrab\prog\[base]\quiz fish\quiz_fish\demosfml\x64\debug\player.obj
c:\users\eugen\onedrive\bureau\tropikrab\prog\[base]\quiz fish\quiz_fish\demosfml\x64\debug\mouse.obj
c:\users\eugen\onedrive\bureau\tropikrab\prog\[base]\quiz fish\quiz_fish\demosfml\x64\debug\menu.obj
c:\users\eugen\onedrive\bureau\tropikrab\prog\[base]\quiz fish\quiz_fish\demosfml\x64\debug\fx.obj
c:\users\eugen\onedrive\bureau\tropikrab\prog\[base]\quiz fish\quiz_fish\demosfml\x64\debug\main.obj
c:\users\eugen\onedrive\bureau\tropikrab\prog\[base]\quiz fish\quiz_fish\demosfml\x64\debug\gamestate.obj
c:\users\eugen\onedrive\bureau\tropikrab\prog\[base]\quiz fish\quiz_fish\demosfml\x64\debug\game.obj
c:\users\eugen\onedrive\bureau\tropikrab\prog\[base]\quiz fish\quiz_fish\demosfml\x64\debug\fishingminigame.obj
c:\users\eugen\onedrive\bureau\tropikrab\prog\[base]\quiz fish\quiz_fish\demosfml\x64\debug\credits.obj
c:\users\eugen\onedrive\bureau\tropikrab\prog\[base]\quiz fish\quiz_fish\demosfml\x64\debug\common.obj
c:\users\eugen\onedrive\bureau\tropikrab\prog\[base]\quiz fish\quiz_fish\demosfml\x64\debug\collisions.obj
c:\users\eugen\onedrive\bureau\tropikrab\prog\[base]\quiz fish\quiz_fish\demosfml\x64\debug\audio.obj
c:\users\eugen\onedrive\bureau\tropikrab\prog\[base]\quiz fish\quiz_fish\demosfml\x64\debug\animation.obj
c:\users\eugen\onedrive\bureau\tropikrab\prog\[base]\quiz fish\quiz_fish\x64\debug\quiz_fish.exe
c:\users\eugen\onedrive\bureau\tropikrab\prog\[base]\quiz fish\quiz_fish\demosfml\x64\debug\quiz_fish.ilk
c:\users\eugen\onedrive\bureau\tropikrab\prog\[base]\quiz fish\quiz_fish\x64\debug\quiz_fish.pdb
c:\users\eugen\onedrive\bureau\tropikrab\prog\[base]\quiz fish\quiz_fish\demosfml\x64\debug\quiz_fish.tlog\cl.command.1.tlog
c:\users\eugen\onedrive\bureau\tropikrab\prog\[base]\quiz fish\quiz_fish\demosfml\x64\debug\quiz_fish.tlog\cl.read.1.tlog
c:\users\eugen\onedrive\bureau\tropikrab\prog\[base]\quiz fish\quiz_fish\demosfml\x64\debug\quiz_fish.tlog\cl.write.1.tlog
c:\users\eugen\onedrive\bureau\tropikrab\prog\[base]\quiz fish\quiz_fish\demosfml\x64\debug\quiz_fish.tlog\link.command.1.tlog
c:\users\eugen\onedrive\bureau\tropikrab\prog\[base]\quiz fish\quiz_fish\demosfml\x64\debug\quiz_fish.tlog\link.read.1.tlog
c:\users\eugen\onedrive\bureau\tropikrab\prog\[base]\quiz fish\quiz_fish\demosfml\x64\debug\quiz_fish.tlog\link.write.1.tlog
