C:\Program Files\Microsoft Visual Studio\2022\Community\MSBuild\Microsoft\VC\v170\Microsoft.CppBuild.targets(514,5): warning MSB8028: Le répertoire intermédiaire (x64\Release\) contient des fichiers partagés provenant d'un autre projet (DemoSFML.vcxproj). Cela peut entraîner un comportement de nettoyage et de regénération incorrect.
  main.cpp
D:\SVN\Projets\ProjetAnnee1\TropiKrab\Prog\[Base]\Quiz Fish\Quiz_Fish\DemoSFML\main.cpp(63,36): warning C4390: ';' : une instruction contrôlée a été trouvée vide ; est-ce ce que vous souhaitiez ?
  Génération de code en cours
  214 of 1688 functions (12.7%) were compiled, the rest were copied from previous compilation.
    0 functions were new in current compilation
    8 functions had inline decision re-evaluated but remain unchanged
  Fin de la génération du code
Animation.obj : warning LNK4020: un enregistrement de type dans 'd:\svn\projets\projetannee1\tropikrab\prog\[base]\quiz fish\quiz_fish\demosfml\x64\release\vc143.pdb' est endommagé ; certains symboles et types ne sont peut-être pas accessibles à partir du débogueur
Collisions.obj : warning LNK4020: un enregistrement de type dans 'd:\svn\projets\projetannee1\tropikrab\prog\[base]\quiz fish\quiz_fish\demosfml\x64\release\vc143.pdb' est endommagé ; certains symboles et types ne sont peut-être pas accessibles à partir du débogueur
Common.obj : warning LNK4020: un enregistrement de type dans 'd:\svn\projets\projetannee1\tropikrab\prog\[base]\quiz fish\quiz_fish\demosfml\x64\release\vc143.pdb' est endommagé ; certains symboles et types ne sont peut-être pas accessibles à partir du débogueur
Credits.obj : warning LNK4020: un enregistrement de type dans 'd:\svn\projets\projetannee1\tropikrab\prog\[base]\quiz fish\quiz_fish\demosfml\x64\release\vc143.pdb' est endommagé ; certains symboles et types ne sont peut-être pas accessibles à partir du débogueur
GameState.obj : warning LNK4020: un enregistrement de type dans 'd:\svn\projets\projetannee1\tropikrab\prog\[base]\quiz fish\quiz_fish\demosfml\x64\release\vc143.pdb' est endommagé ; certains symboles et types ne sont peut-être pas accessibles à partir du débogueur
GameState.obj : warning LNK4020: un enregistrement de type dans 'd:\svn\projets\projetannee1\tropikrab\prog\[base]\quiz fish\quiz_fish\demosfml\x64\release\vc143.pdb' est endommagé ; certains symboles et types ne sont peut-être pas accessibles à partir du débogueur
main.obj : warning LNK4020: un enregistrement de type dans 'd:\svn\projets\projetannee1\tropikrab\prog\[base]\quiz fish\quiz_fish\demosfml\x64\release\vc143.pdb' est endommagé ; certains symboles et types ne sont peut-être pas accessibles à partir du débogueur
Fx.obj : warning LNK4020: un enregistrement de type dans 'd:\svn\projets\projetannee1\tropikrab\prog\[base]\quiz fish\quiz_fish\demosfml\x64\release\vc143.pdb' est endommagé ; certains symboles et types ne sont peut-être pas accessibles à partir du débogueur
Mouse.obj : warning LNK4020: un enregistrement de type dans 'd:\svn\projets\projetannee1\tropikrab\prog\[base]\quiz fish\quiz_fish\demosfml\x64\release\vc143.pdb' est endommagé ; certains symboles et types ne sont peut-être pas accessibles à partir du débogueur
Mouse.obj : warning LNK4020: un enregistrement de type dans 'd:\svn\projets\projetannee1\tropikrab\prog\[base]\quiz fish\quiz_fish\demosfml\x64\release\vc143.pdb' est endommagé ; certains symboles et types ne sont peut-être pas accessibles à partir du débogueur
Player.obj : warning LNK4020: un enregistrement de type dans 'd:\svn\projets\projetannee1\tropikrab\prog\[base]\quiz fish\quiz_fish\demosfml\x64\release\vc143.pdb' est endommagé ; certains symboles et types ne sont peut-être pas accessibles à partir du débogueur
Player.obj : warning LNK4020: un enregistrement de type dans 'd:\svn\projets\projetannee1\tropikrab\prog\[base]\quiz fish\quiz_fish\demosfml\x64\release\vc143.pdb' est endommagé ; certains symboles et types ne sont peut-être pas accessibles à partir du débogueur
Player.obj : warning LNK4020: un enregistrement de type dans 'd:\svn\projets\projetannee1\tropikrab\prog\[base]\quiz fish\quiz_fish\demosfml\x64\release\vc143.pdb' est endommagé ; certains symboles et types ne sont peut-être pas accessibles à partir du débogueur
Question.obj : warning LNK4020: un enregistrement de type dans 'd:\svn\projets\projetannee1\tropikrab\prog\[base]\quiz fish\quiz_fish\demosfml\x64\release\vc143.pdb' est endommagé ; certains symboles et types ne sont peut-être pas accessibles à partir du débogueur
Random.obj : warning LNK4020: un enregistrement de type dans 'd:\svn\projets\projetannee1\tropikrab\prog\[base]\quiz fish\quiz_fish\demosfml\x64\release\vc143.pdb' est endommagé ; certains symboles et types ne sont peut-être pas accessibles à partir du débogueur
Random.obj : warning LNK4020: un enregistrement de type dans 'd:\svn\projets\projetannee1\tropikrab\prog\[base]\quiz fish\quiz_fish\demosfml\x64\release\vc143.pdb' est endommagé ; certains symboles et types ne sont peut-être pas accessibles à partir du débogueur
Random.obj : warning LNK4020: un enregistrement de type dans 'd:\svn\projets\projetannee1\tropikrab\prog\[base]\quiz fish\quiz_fish\demosfml\x64\release\vc143.pdb' est endommagé ; certains symboles et types ne sont peut-être pas accessibles à partir du débogueur
Selection.obj : warning LNK4020: un enregistrement de type dans 'd:\svn\projets\projetannee1\tropikrab\prog\[base]\quiz fish\quiz_fish\demosfml\x64\release\vc143.pdb' est endommagé ; certains symboles et types ne sont peut-être pas accessibles à partir du débogueur
Settings.obj : warning LNK4020: un enregistrement de type dans 'd:\svn\projets\projetannee1\tropikrab\prog\[base]\quiz fish\quiz_fish\demosfml\x64\release\vc143.pdb' est endommagé ; certains symboles et types ne sont peut-être pas accessibles à partir du débogueur
Victory.obj : warning LNK4020: un enregistrement de type dans 'd:\svn\projets\projetannee1\tropikrab\prog\[base]\quiz fish\quiz_fish\demosfml\x64\release\vc143.pdb' est endommagé ; certains symboles et types ne sont peut-être pas accessibles à partir du débogueur
  DemoSFML.vcxproj -> D:\SVN\Projets\ProjetAnnee1\TropiKrab\Prog\[Base]\Quiz Fish\Quiz_Fish\x64\Release\Quiz_Fish.exe
