c:\users\eugen\onedrive\bureau\tropikrab\prog\[base]\quiz fish\quiz_fish\demosfml\x64\release\vc143.pdb
c:\users\eugen\onedrive\bureau\tropikrab\prog\[base]\quiz fish\quiz_fish\demosfml\x64\release\settings.obj
c:\users\eugen\onedrive\bureau\tropikrab\prog\[base]\quiz fish\quiz_fish\demosfml\x64\release\selection.obj
c:\users\eugen\onedrive\bureau\tropikrab\prog\[base]\quiz fish\quiz_fish\demosfml\x64\release\main.obj
c:\users\eugen\onedrive\bureau\tropikrab\prog\[base]\quiz fish\quiz_fish\demosfml\x64\release\game.obj
c:\users\eugen\onedrive\bureau\tropikrab\prog\[base]\quiz fish\quiz_fish\demosfml\x64\release\victory.obj
c:\users\eugen\onedrive\bureau\tropikrab\prog\[base]\quiz fish\quiz_fish\demosfml\x64\release\random.obj
c:\users\eugen\onedrive\bureau\tropikrab\prog\[base]\quiz fish\quiz_fish\demosfml\x64\release\quizgame.obj
c:\users\eugen\onedrive\bureau\tropikrab\prog\[base]\quiz fish\quiz_fish\demosfml\x64\release\question.obj
c:\users\eugen\onedrive\bureau\tropikrab\prog\[base]\quiz fish\quiz_fish\demosfml\x64\release\player.obj
c:\users\eugen\onedrive\bureau\tropikrab\prog\[base]\quiz fish\quiz_fish\demosfml\x64\release\mouse.obj
c:\users\eugen\onedrive\bureau\tropikrab\prog\[base]\quiz fish\quiz_fish\demosfml\x64\release\menu.obj
c:\users\eugen\onedrive\bureau\tropikrab\prog\[base]\quiz fish\quiz_fish\demosfml\x64\release\fx.obj
c:\users\eugen\onedrive\bureau\tropikrab\prog\[base]\quiz fish\quiz_fish\demosfml\x64\release\gamestate.obj
c:\users\eugen\onedrive\bureau\tropikrab\prog\[base]\quiz fish\quiz_fish\demosfml\x64\release\fishingminigame.obj
c:\users\eugen\onedrive\bureau\tropikrab\prog\[base]\quiz fish\quiz_fish\demosfml\x64\release\credits.obj
c:\users\eugen\onedrive\bureau\tropikrab\prog\[base]\quiz fish\quiz_fish\demosfml\x64\release\common.obj
c:\users\eugen\onedrive\bureau\tropikrab\prog\[base]\quiz fish\quiz_fish\demosfml\x64\release\collisions.obj
c:\users\eugen\onedrive\bureau\tropikrab\prog\[base]\quiz fish\quiz_fish\demosfml\x64\release\audio.obj
c:\users\eugen\onedrive\bureau\tropikrab\prog\[base]\quiz fish\quiz_fish\demosfml\x64\release\animation.obj
c:\users\eugen\onedrive\bureau\tropikrab\prog\[base]\quiz fish\quiz_fish\demosfml\x64\release\demosfml.obj
c:\users\eugen\onedrive\bureau\tropikrab\prog\[base]\quiz fish\quiz_fish\demosfml\x64\release\quiz_fish.ipdb
c:\users\eugen\onedrive\bureau\tropikrab\prog\[base]\quiz fish\quiz_fish\demosfml\x64\release\demosfml.iobj
c:\users\eugen\onedrive\bureau\tropikrab\prog\[base]\quiz fish\quiz_fish\demosfml\x64\release\quiz_fish.iobj
c:\users\eugen\onedrive\bureau\tropikrab\prog\[base]\quiz fish\quiz_fish\x64\release\quiz_fish.pdb
c:\users\eugen\onedrive\bureau\tropikrab\prog\[base]\quiz fish\quiz_fish\demosfml\x64\release\quiz_fish.tlog\cl.command.1.tlog
c:\users\eugen\onedrive\bureau\tropikrab\prog\[base]\quiz fish\quiz_fish\demosfml\x64\release\quiz_fish.tlog\cl.read.1.tlog
c:\users\eugen\onedrive\bureau\tropikrab\prog\[base]\quiz fish\quiz_fish\demosfml\x64\release\quiz_fish.tlog\cl.write.1.tlog
c:\users\eugen\onedrive\bureau\tropikrab\prog\[base]\quiz fish\quiz_fish\demosfml\x64\release\quiz_fish.tlog\link.command.1.tlog
c:\users\eugen\onedrive\bureau\tropikrab\prog\[base]\quiz fish\quiz_fish\demosfml\x64\release\quiz_fish.tlog\link.read.1.tlog
c:\users\eugen\onedrive\bureau\tropikrab\prog\[base]\quiz fish\quiz_fish\demosfml\x64\release\quiz_fish.tlog\link.write.1.tlog
